<?xml version="1.0" encoding="UTF-8"?>
<!-- Generated by org.testng.reporters.JUnitXMLReporter -->
<testsuite ignored="0" hostname="Dakshagrithav" failures="0" tests="8" name="OpenCart Tests" time="79.114" errors="0" timestamp="2022-07-01T20:32:28 GMT+08:00">
  <testcase classname="testCases.TC_001_AccountRegistration" name="test_accout_Registration" time="5.512"/>
  <testcase classname="testCases.TC_002_Login" name="test_Login" time="2.849"/>
  <testcase classname="testCases.TC_003_LoginDDT" name="test_LoginDDT" time="3.27"/>
  <testcase classname="testCases.TC_003_LoginDDT" name="test_LoginDDT" time="11.667"/>
  <testcase classname="testCases.TC_003_LoginDDT" name="test_LoginDDT" time="12.107"/>
  <testcase classname="testCases.TC_003_LoginDDT" name="test_LoginDDT" time="11.536"/>
  <testcase classname="testCases.TC_003_LoginDDT" name="test_LoginDDT" time="11.423"/>
  <testcase classname="testCases.TC_003_LoginDDT" name="test_LoginDDT" time="11.418"/>
</testsuite> <!-- OpenCart Tests -->
