<?xml version="1.0" encoding="UTF-8"?>
<testng-results ignored="0" total="8" passed="8" failed="0" skipped="0">
  <reporter-output>
  </reporter-output>
  <suite started-at="2022-07-01T20:31:09 GMT+08:00" name="OpenCart Test Suite" finished-at="2022-07-01T20:32:28 GMT+08:00" duration-ms="79114">
    <groups>
      <group name="regression">
        <method signature="TC_001_AccountRegistration.test_accout_Registration()[pri:0, instance:testCases.TC_001_AccountRegistration@7722c3c3]" name="test_accout_Registration" class="testCases.TC_001_AccountRegistration"/>
      </group> <!-- regression -->
      <group name="sanity">
        <method signature="TC_002_Login.test_Login()[pri:0, instance:testCases.TC_002_Login@1ea9f6af]" name="test_Login" class="testCases.TC_002_Login"/>
      </group> <!-- sanity -->
      <group name="master">
        <method signature="TC_001_AccountRegistration.test_accout_Registration()[pri:0, instance:testCases.TC_001_AccountRegistration@7722c3c3]" name="test_accout_Registration" class="testCases.TC_001_AccountRegistration"/>
        <method signature="TC_002_Login.test_Login()[pri:0, instance:testCases.TC_002_Login@1ea9f6af]" name="test_Login" class="testCases.TC_002_Login"/>
      </group> <!-- master -->
    </groups>
    <test started-at="2022-07-01T20:31:09 GMT+08:00" name="OpenCart Tests" finished-at="2022-07-01T20:32:28 GMT+08:00" duration-ms="79114">
      <class name="testCases.TC_002_Login">
        <test-method is-config="true" signature="setup(java.lang.String)[pri:0, instance:testCases.TC_002_Login@1ea9f6af]" started-at="2022-07-01T20:31:19 GMT+08:00" name="setup" finished-at="2022-07-01T20:31:20 GMT+08:00" duration-ms="1215" status="PASS">
          <params>
            <param index="0">
              <value>
                <![CDATA[chrome]]>
              </value>
            </param>
          </params>
          <reporter-output>
          </reporter-output>
        </test-method> <!-- setup -->
        <test-method signature="test_Login()[pri:0, instance:testCases.TC_002_Login@1ea9f6af]" started-at="2022-07-01T20:31:20 GMT+08:00" name="test_Login" finished-at="2022-07-01T20:31:23 GMT+08:00" duration-ms="2849" status="PASS">
          <reporter-output>
          </reporter-output>
        </test-method> <!-- test_Login -->
        <test-method is-config="true" signature="tearDown()[pri:0, instance:testCases.TC_002_Login@1ea9f6af]" started-at="2022-07-01T20:31:23 GMT+08:00" name="tearDown" finished-at="2022-07-01T20:31:23 GMT+08:00" duration-ms="244" status="PASS">
          <reporter-output>
          </reporter-output>
        </test-method> <!-- tearDown -->
      </class> <!-- testCases.TC_002_Login -->
      <class name="testCases.TC_001_AccountRegistration">
        <test-method is-config="true" signature="setup(java.lang.String)[pri:0, instance:testCases.TC_001_AccountRegistration@7722c3c3]" started-at="2022-07-01T20:31:09 GMT+08:00" name="setup" finished-at="2022-07-01T20:31:13 GMT+08:00" duration-ms="4009" status="PASS">
          <params>
            <param index="0">
              <value>
                <![CDATA[chrome]]>
              </value>
            </param>
          </params>
          <reporter-output>
          </reporter-output>
        </test-method> <!-- setup -->
        <test-method signature="test_accout_Registration()[pri:0, instance:testCases.TC_001_AccountRegistration@7722c3c3]" started-at="2022-07-01T20:31:13 GMT+08:00" name="test_accout_Registration" finished-at="2022-07-01T20:31:19 GMT+08:00" duration-ms="5512" status="PASS">
          <reporter-output>
          </reporter-output>
        </test-method> <!-- test_accout_Registration -->
        <test-method is-config="true" signature="tearDown()[pri:0, instance:testCases.TC_001_AccountRegistration@7722c3c3]" started-at="2022-07-01T20:31:19 GMT+08:00" name="tearDown" finished-at="2022-07-01T20:31:19 GMT+08:00" duration-ms="287" status="PASS">
          <reporter-output>
          </reporter-output>
        </test-method> <!-- tearDown -->
      </class> <!-- testCases.TC_001_AccountRegistration -->
      <class name="testCases.TC_003_LoginDDT">
        <test-method is-config="true" signature="setup(java.lang.String)[pri:0, instance:testCases.TC_003_LoginDDT@6a192cfe]" started-at="2022-07-01T20:31:23 GMT+08:00" name="setup" finished-at="2022-07-01T20:31:24 GMT+08:00" duration-ms="1151" status="PASS">
          <params>
            <param index="0">
              <value>
                <![CDATA[chrome]]>
              </value>
            </param>
          </params>
          <reporter-output>
          </reporter-output>
        </test-method> <!-- setup -->
        <test-method signature="test_LoginDDT(java.lang.String,java.lang.String,java.lang.String)[pri:0, instance:testCases.TC_003_LoginDDT@6a192cfe]" started-at="2022-07-01T20:31:26 GMT+08:00" name="test_LoginDDT" data-provider="LoginData" finished-at="2022-07-01T20:31:29 GMT+08:00" duration-ms="3270" status="PASS">
          <params>
            <param index="0">
              <value>
                <![CDATA[ambika123@gmail.com]]>
              </value>
            </param>
            <param index="1">
              <value>
                <![CDATA[admin123]]>
              </value>
            </param>
            <param index="2">
              <value>
                <![CDATA[Valid]]>
              </value>
            </param>
          </params>
          <reporter-output>
          </reporter-output>
        </test-method> <!-- test_LoginDDT -->
        <test-method signature="test_LoginDDT(java.lang.String,java.lang.String,java.lang.String)[pri:0, instance:testCases.TC_003_LoginDDT@6a192cfe]" started-at="2022-07-01T20:31:29 GMT+08:00" name="test_LoginDDT" data-provider="LoginData" finished-at="2022-07-01T20:31:41 GMT+08:00" duration-ms="11667" status="PASS">
          <params>
            <param index="0">
              <value>
                <![CDATA[suresh@gmail.com]]>
              </value>
            </param>
            <param index="1">
              <value>
                <![CDATA[test]]>
              </value>
            </param>
            <param index="2">
              <value>
                <![CDATA[Invalid]]>
              </value>
            </param>
          </params>
          <reporter-output>
          </reporter-output>
        </test-method> <!-- test_LoginDDT -->
        <test-method signature="test_LoginDDT(java.lang.String,java.lang.String,java.lang.String)[pri:0, instance:testCases.TC_003_LoginDDT@6a192cfe]" started-at="2022-07-01T20:31:41 GMT+08:00" name="test_LoginDDT" data-provider="LoginData" finished-at="2022-07-01T20:31:53 GMT+08:00" duration-ms="12107" status="PASS">
          <params>
            <param index="0">
              <value>
                <![CDATA[priya@gmail.com]]>
              </value>
            </param>
            <param index="1">
              <value>
                <![CDATA[test123]]>
              </value>
            </param>
            <param index="2">
              <value>
                <![CDATA[Invalid]]>
              </value>
            </param>
          </params>
          <reporter-output>
          </reporter-output>
        </test-method> <!-- test_LoginDDT -->
        <test-method signature="test_LoginDDT(java.lang.String,java.lang.String,java.lang.String)[pri:0, instance:testCases.TC_003_LoginDDT@6a192cfe]" started-at="2022-07-01T20:31:53 GMT+08:00" name="test_LoginDDT" data-provider="LoginData" finished-at="2022-07-01T20:32:05 GMT+08:00" duration-ms="11536" status="PASS">
          <params>
            <param index="0">
              <value>
                <![CDATA[ambika9876@gmail.com]]>
              </value>
            </param>
            <param index="1">
              <value>
                <![CDATA[test]]>
              </value>
            </param>
            <param index="2">
              <value>
                <![CDATA[Invalid]]>
              </value>
            </param>
          </params>
          <reporter-output>
          </reporter-output>
        </test-method> <!-- test_LoginDDT -->
        <test-method signature="test_LoginDDT(java.lang.String,java.lang.String,java.lang.String)[pri:0, instance:testCases.TC_003_LoginDDT@6a192cfe]" started-at="2022-07-01T20:32:05 GMT+08:00" name="test_LoginDDT" data-provider="LoginData" finished-at="2022-07-01T20:32:16 GMT+08:00" duration-ms="11423" status="PASS">
          <params>
            <param index="0">
              <value>
                <![CDATA[]]>
              </value>
            </param>
            <param index="1">
              <value>
                <![CDATA[]]>
              </value>
            </param>
            <param index="2">
              <value>
                <![CDATA[]]>
              </value>
            </param>
          </params>
          <reporter-output>
          </reporter-output>
        </test-method> <!-- test_LoginDDT -->
        <test-method signature="test_LoginDDT(java.lang.String,java.lang.String,java.lang.String)[pri:0, instance:testCases.TC_003_LoginDDT@6a192cfe]" started-at="2022-07-01T20:32:16 GMT+08:00" name="test_LoginDDT" data-provider="LoginData" finished-at="2022-07-01T20:32:27 GMT+08:00" duration-ms="11418" status="PASS">
          <params>
            <param index="0">
              <value>
                <![CDATA[]]>
              </value>
            </param>
            <param index="1">
              <value>
                <![CDATA[]]>
              </value>
            </param>
            <param index="2">
              <value>
                <![CDATA[]]>
              </value>
            </param>
          </params>
          <reporter-output>
          </reporter-output>
        </test-method> <!-- test_LoginDDT -->
        <test-method is-config="true" signature="tearDown()[pri:0, instance:testCases.TC_003_LoginDDT@6a192cfe]" started-at="2022-07-01T20:32:27 GMT+08:00" name="tearDown" finished-at="2022-07-01T20:32:28 GMT+08:00" duration-ms="304" status="PASS">
          <reporter-output>
          </reporter-output>
        </test-method> <!-- tearDown -->
      </class> <!-- testCases.TC_003_LoginDDT -->
    </test> <!-- OpenCart Tests -->
  </suite> <!-- OpenCart Test Suite -->
</testng-results>
