<?xml version="1.0" encoding="UTF-8"?>
<testsuite xmlns:xsi="http://www.w3.org/2001/XMLSchema-instance" xsi:noNamespaceSchemaLocation="https://maven.apache.org/surefire/maven-surefire-plugin/xsd/surefire-test-report-3.0.xsd" version="3.0" name="TestSuite" time="80.33" tests="8" errors="0" skipped="0" failures="0">
  <properties>
[...]
</properties>
  <testcase name="test_accout_Registration" classname="testCases.TC_001_AccountRegistration" time="5.445">
    <system-err><![CDATA[SLF4J: Failed to load class "org.slf4j.impl.StaticLoggerBinder".
SLF4J: Defaulting to no-operation (NOP) logger implementation
SLF4J: See http://www.slf4j.org/codes.html#StaticLoggerBinder for further details.
Starting ChromeDriver 102.0.5005.61 (0e59bcc00cc4985ce39ad31c150065f159d95ad3-refs/branch-heads/5005@{#819}) on port 53133
Only local connections are allowed.
Please see https://chromedriver.chromium.org/security-considerations for suggestions on keeping ChromeDriver safe.
ChromeDriver was started successfully.
Jul 01, 2022 8:31:13 PM org.openqa.selenium.remote.ProtocolHandshake createSession
INFO: Detected dialect: W3C
Jul 01, 2022 8:31:13 PM org.openqa.selenium.devtools.CdpVersionFinder findNearestMatch
WARNING: Unable to find an exact match for CDP version 102, so returning the closest version found: 101
Jul 01, 2022 8:31:13 PM org.openqa.selenium.devtools.CdpVersionFinder findNearestMatch
INFO: Found CDP implementation for version 102 of 101
]]></system-err>
  </testcase>
  <testcase name="test_Login" classname="testCases.TC_002_Login" time="2.72">
    <system-err><![CDATA[Starting ChromeDriver 102.0.5005.61 (0e59bcc00cc4985ce39ad31c150065f159d95ad3-refs/branch-heads/5005@{#819}) on port 51304
Only local connections are allowed.
Please see https://chromedriver.chromium.org/security-considerations for suggestions on keeping ChromeDriver safe.
ChromeDriver was started successfully.
Jul 01, 2022 8:31:20 PM org.openqa.selenium.remote.ProtocolHandshake createSession
INFO: Detected dialect: W3C
Jul 01, 2022 8:31:20 PM org.openqa.selenium.devtools.CdpVersionFinder findNearestMatch
WARNING: Unable to find an exact match for CDP version 102, so returning the closest version found: 101
Jul 01, 2022 8:31:20 PM org.openqa.selenium.devtools.CdpVersionFinder findNearestMatch
INFO: Found CDP implementation for version 102 of 101
]]></system-err>
  </testcase>
  <testcase name="test_LoginDDT[ambika123@gmail.com, admin123, Valid](1)" classname="testCases.TC_003_LoginDDT" time="3.221">
    <system-err><![CDATA[Starting ChromeDriver 102.0.5005.61 (0e59bcc00cc4985ce39ad31c150065f159d95ad3-refs/branch-heads/5005@{#819}) on port 62841
Only local connections are allowed.
Please see https://chromedriver.chromium.org/security-considerations for suggestions on keeping ChromeDriver safe.
ChromeDriver was started successfully.
Jul 01, 2022 8:31:24 PM org.openqa.selenium.remote.ProtocolHandshake createSession
INFO: Detected dialect: W3C
Jul 01, 2022 8:31:24 PM org.openqa.selenium.devtools.CdpVersionFinder findNearestMatch
WARNING: Unable to find an exact match for CDP version 102, so returning the closest version found: 101
Jul 01, 2022 8:31:24 PM org.openqa.selenium.devtools.CdpVersionFinder findNearestMatch
INFO: Found CDP implementation for version 102 of 101
]]></system-err>
  </testcase>
  <testcase name="test_LoginDDT[suresh@gmail.com, test, Invalid](2)" classname="testCases.TC_003_LoginDDT" time="11.668"/>
  <testcase name="test_LoginDDT[priya@gmail.com, test123, Invalid](3)" classname="testCases.TC_003_LoginDDT" time="12.108"/>
  <testcase name="test_LoginDDT[ambika9876@gmail.com, test, Invalid](4)" classname="testCases.TC_003_LoginDDT" time="11.537"/>
  <testcase name="test_LoginDDT[, , ](5)" classname="testCases.TC_003_LoginDDT" time="11.423"/>
  <testcase name="test_LoginDDT[, , ](6)" classname="testCases.TC_003_LoginDDT" time="11.419"/>
</testsuite>